<?xml version="1.0" encoding="UTF-8"?>
<testsuite xmlns:xsi="http://www.w3.org/2001/XMLSchema-instance" xsi:noNamespaceSchemaLocation="https://maven.apache.org/surefire/maven-surefire-plugin/xsd/surefire-test-report-3.0.xsd" version="3.0" name="com.example.SportyRest.SportyRestApplicationTests" time="12.184" tests="1" errors="0" skipped="0" failures="0">
  <properties>
[...]
</properties>
  <testcase name="contextLoads" classname="com.example.SportyRest.SportyRestApplicationTests" time="0.642">
    <system-out><![CDATA[20:01:54.503 [main] INFO org.springframework.test.context.support.AnnotationConfigContextLoaderUtils -- Could not detect default configuration classes for test class [com.example.SportyRest.SportyRestApplicationTests]: SportyRestApplicationTests does not declare any static, non-private, non-final, nested classes annotated with @Configuration.
20:01:54.682 [main] INFO org.springframework.boot.test.context.SpringBootTestContextBootstrapper -- Found @SpringBootConfiguration com.example.SportyRest.SportyRestApplication for test class com.example.SportyRest.SportyRestApplicationTests

  .   ____          _            __ _ _
 /\\ / ___'_ __ _ _(_)_ __  __ _ \ \ \ \
( ( )\___ | '_ | '_| | '_ \/ _` | \ \ \ \
 \\/  ___)| |_)| | | | | || (_| |  ) ) ) )
  '  |____| .__|_| |_|_| |_\__, | / / / /
 =========|_|==============|___/=/_/_/_/

 :: Spring Boot ::                (v3.3.5)

2025-01-14T20:01:55.433+01:00  INFO 13208 --- [SportyRest] [           main] c.e.S.SportyRestApplicationTests         : Starting SportyRestApplicationTests using Java 20.0.2 with PID 13208 (started by Manuel_Estudio in C:\Users\Manuel_Estudio\Documents\GitHub\SportyRest)
2025-01-14T20:01:55.434+01:00  INFO 13208 --- [SportyRest] [           main] c.e.S.SportyRestApplicationTests         : No active profile set, falling back to 1 default profile: "default"
2025-01-14T20:01:57.080+01:00  INFO 13208 --- [SportyRest] [           main] .s.d.r.c.RepositoryConfigurationDelegate : Bootstrapping Spring Data JPA repositories in DEFAULT mode.
2025-01-14T20:01:57.216+01:00  INFO 13208 --- [SportyRest] [           main] .s.d.r.c.RepositoryConfigurationDelegate : Finished Spring Data repository scanning in 109 ms. Found 8 JPA repository interfaces.
2025-01-14T20:01:58.425+01:00  INFO 13208 --- [SportyRest] [           main] o.hibernate.jpa.internal.util.LogHelper  : HHH000204: Processing PersistenceUnitInfo [name: default]
2025-01-14T20:01:58.560+01:00  INFO 13208 --- [SportyRest] [           main] org.hibernate.Version                    : HHH000412: Hibernate ORM core version 6.5.3.Final
2025-01-14T20:01:58.624+01:00  INFO 13208 --- [SportyRest] [           main] o.h.c.internal.RegionFactoryInitiator    : HHH000026: Second-level cache disabled
2025-01-14T20:01:59.181+01:00  INFO 13208 --- [SportyRest] [           main] o.s.o.j.p.SpringPersistenceUnitInfo      : No LoadTimeWeaver setup: ignoring JPA class transformer
2025-01-14T20:01:59.230+01:00  INFO 13208 --- [SportyRest] [           main] com.zaxxer.hikari.HikariDataSource       : HikariPool-1 - Starting...
2025-01-14T20:02:00.306+01:00  INFO 13208 --- [SportyRest] [           main] com.zaxxer.hikari.pool.HikariPool        : HikariPool-1 - Added connection org.postgresql.jdbc.PgConnection@74bdfa0b
2025-01-14T20:02:00.307+01:00  INFO 13208 --- [SportyRest] [           main] com.zaxxer.hikari.HikariDataSource       : HikariPool-1 - Start completed.
2025-01-14T20:02:00.401+01:00  WARN 13208 --- [SportyRest] [           main] org.hibernate.orm.deprecation            : HHH90000025: PostgreSQLDialect does not need to be specified explicitly using 'hibernate.dialect' (remove the property setting and it will be selected by default)
2025-01-14T20:02:01.782+01:00  INFO 13208 --- [SportyRest] [           main] o.h.e.t.j.p.i.JtaPlatformInitiator       : HHH000489: No JTA platform available (set 'hibernate.transaction.jta.platform' to enable JTA platform integration)
2025-01-14T20:02:03.503+01:00  INFO 13208 --- [SportyRest] [           main] j.LocalContainerEntityManagerFactoryBean : Initialized JPA EntityManagerFactory for persistence unit 'default'
2025-01-14T20:02:03.864+01:00  INFO 13208 --- [SportyRest] [           main] o.s.d.j.r.query.QueryEnhancerFactory     : Hibernate is in classpath; If applicable, HQL parser will be used.
2025-01-14T20:02:04.897+01:00  WARN 13208 --- [SportyRest] [           main] JpaBaseConfiguration$JpaWebConfiguration : spring.jpa.open-in-view is enabled by default. Therefore, database queries may be performed during view rendering. Explicitly configure spring.jpa.open-in-view to disable this warning
2025-01-14T20:02:04.947+01:00  WARN 13208 --- [SportyRest] [           main] .s.s.UserDetailsServiceAutoConfiguration : 

Using generated security password: afebe989-8779-4ae2-a656-847c56c1a99f

This generated password is for development use only. Your security configuration must be updated before running your application in production.

2025-01-14T20:02:04.984+01:00  INFO 13208 --- [SportyRest] [           main] r$InitializeUserDetailsManagerConfigurer : Global AuthenticationManager configured with UserDetailsService bean with name inMemoryUserDetailsManager
2025-01-14T20:02:05.758+01:00  INFO 13208 --- [SportyRest] [           main] c.e.S.SportyRestApplicationTests         : Started SportyRestApplicationTests in 10.859 seconds (process running for 12.332)
]]></system-out>
  </testcase>
</testsuite>